[16:16:33] [main/INFO]: Environment: authHost='https://authserver.mojang.com', accountsHost='https://api.mojang.com', sessionHost='https://sessionserver.mojang.com', servicesHost='https://api.minecraftservices.com', name='PROD'
[16:16:34] [main/INFO]: Reloading ResourceManager: Default, bukkit
[16:16:36] [Worker-Main-1/INFO]: Loaded 7 recipes
[16:16:39] [Server thread/INFO]: Starting minecraft server version 1.16.5
[16:16:39] [Server thread/INFO]: Loading properties
[16:16:39] [Server thread/INFO]: This server is running Paper version git-Paper-780 (MC: 1.16.5) (Implementing API version 1.16.5-R0.1-SNAPSHOT)
[16:16:39] [Server thread/INFO]: Debug logging is disabled
[16:16:39] [Server thread/INFO]: Server Ping Player Sample Count: 12
[16:16:39] [Server thread/INFO]: Using 4 threads for Netty based IO
[16:16:40] [Server thread/INFO]: Default game type: SURVIVAL
[16:16:40] [Server thread/INFO]: Generating keypair
[16:16:40] [Server thread/INFO]: Starting Minecraft server on 0.0.0.0:25561
[16:16:40] [Server thread/INFO]: Using epoll channel type
[16:16:42] [Server thread/WARN]: Initializing Legacy Material Support. Unless you have legacy plugins and/or data this is a bug!
[16:16:56] [Server thread/WARN]: Legacy plugin ColorConsole v2.3.3 does not specify an api-version.
[16:16:56] [Server thread/WARN]: Legacy plugin PostMan v1.3.1 does not specify an api-version.
[16:16:57] [Server thread/WARN]: Legacy plugin BuildModeBGHD v3.5 does not specify an api-version.
[16:16:58] [Server thread/WARN]: Legacy plugin PunishGUI v1.0.6 does not specify an api-version.
[16:16:58] [Server thread/WARN]: Legacy plugin ServerListPlus v3.4.8 does not specify an api-version.
[16:16:58] [Server thread/WARN]: Legacy plugin PixelVip v3.0.3 does not specify an api-version.
[16:16:59] [Server thread/WARN]: Legacy plugin DKBans vMcNative loader (1.7.75.84) does not specify an api-version.
[16:16:59] [Server thread/INFO]: [Colored Signs] Loading ColoredSigns v5.0.0
[16:16:59] [Server thread/INFO]: [PlaceholderAPI] Loading PlaceholderAPI v2.10.9
[16:16:59] [Server thread/INFO]: [ColorConsole] Loading ColorConsole v2.3.3
[16:16:59] [Server thread/INFO]: [PlugMan] Loading PlugMan v2.2.2
[16:16:59] [Server thread/INFO]: [PlayTime] Loading PlayTime v2.1.1
[16:16:59] [Server thread/INFO]: [PostMan] Loading PostMan v1.3.1
[16:16:59] [Server thread/INFO]: [BookNews] Loading BookNews v5.4
[16:16:59] [Server thread/INFO]: [PlayerReport] Loading PlayerReport v3.4.0
[16:16:59] [Server thread/INFO]: [GSit] Loading GSit v[5.3.8.1]
[16:16:59] [Server thread/INFO]: [ViaVersion] Loading ViaVersion v4.0.1
[16:16:59] [Server thread/INFO]: [ViaVersion] ViaVersion 4.0.1 is now loaded, injecting!
[16:17:00] [Via-Mappingloader-0/INFO]: [ViaVersion] Loading 1.12 -> 1.13 mappings...
[16:17:00] [Via-Mappingloader-1/INFO]: [ViaVersion] Loading 1.13 -> 1.13.2 mappings...
[16:17:00] [Via-Mappingloader-2/INFO]: [ViaVersion] Loading 1.13.2 -> 1.14 mappings...
[16:17:00] [Via-Mappingloader-3/INFO]: [ViaVersion] Loading 1.14 -> 1.15 mappings...
[16:17:01] [Via-Mappingloader-4/INFO]: [ViaVersion] Loading 1.15 -> 1.16 mappings...
[16:17:01] [Via-Mappingloader-0/INFO]: [ViaVersion] Loading block connection mappings ...
[16:17:01] [Via-Mappingloader-1/INFO]: [ViaVersion] Loading 1.16 -> 1.16.2 mappings...
[16:17:01] [Via-Mappingloader-3/INFO]: [ViaVersion] Loading 1.16.2 -> 1.17 mappings...
[16:17:01] [Server thread/INFO]: [NBTAPI] Loading NBTAPI v2.8.0
[16:17:01] [Server thread/INFO]: [NBTAPI] [NBTAPI] Found Spigot: v1_16_R3! Trying to find NMS support
[16:17:01] [Server thread/INFO]: [NBTAPI] [NBTAPI] NMS support 'MC1_16_R3' loaded!
[16:17:01] [Server thread/INFO]: [NBTAPI] [NBTAPI] Found Gson: class com.google.gson.Gson
[16:17:01] [Server thread/INFO]: [NBTAPI] [NBTAPI] Using the plugin 'ColoredSigns' to create a bStats instance!
[16:17:01] [Server thread/INFO]: [GHolo] Loading GHolo v[3.1.5.0]
[16:17:01] [Server thread/INFO]: [ViaBackwards] Loading ViaBackwards v4.0.1
[16:17:02] [Server thread/INFO]: [ViaBackwards] Loading translations...
[16:17:02] [Via-Mappingloader-1/INFO]: [ViaBackwards] Loading 1.10 -> 1.9.4 mappings...
[16:17:02] [Via-Mappingloader-0/INFO]: [ViaBackwards] Loading 1.11 -> 1.10 mappings...
[16:17:03] [Via-Mappingloader-0/INFO]: [ViaBackwards] Loading 1.13 -> 1.12 mappings...
[16:17:03] [Via-Mappingloader-3/INFO]: [ViaBackwards] Loading 1.13.2 -> 1.13 mappings...
[16:17:03] [Via-Mappingloader-3/INFO]: [ViaBackwards] Loading 1.14 -> 1.13.2 mappings...
[16:17:03] [Via-Mappingloader-0/INFO]: [ViaBackwards] Loading 1.15 -> 1.14 mappings...
[16:17:03] [Via-Mappingloader-0/INFO]: [ViaBackwards] Loading 1.16 -> 1.15 mappings...
[16:17:04] [Via-Mappingloader-3/INFO]: [ViaBackwards] Loading 1.16.2 -> 1.16 mappings...
[16:17:04] [Via-Mappingloader-1/INFO]: [ViaBackwards] Loading 1.17 -> 1.16.2 mappings...
[16:17:04] [Thread-5/INFO]: [NBTAPI] [NBTAPI] The NBT-API seems to be up-to-date!
[16:17:04] [Server thread/INFO]: [SimplePortals] Loading SimplePortals v1.6.6
[16:17:04] [Server thread/INFO]: [StaffCore] Loading StaffCore v3.6.2
[16:17:04] [Server thread/INFO]: [LuckPerms] Loading LuckPerms v5.3.47
[16:17:05] [Server thread/INFO]: [TheOnly-Donations] Loading TheOnly-Donations v3.0.1
[16:17:05] [Server thread/INFO]: [ServerLog] Loading ServerLog v1.1.3
[16:17:05] [Server thread/INFO]: [BuildModeBGHD] Loading BuildModeBGHD v3.5
[16:17:05] [Server thread/INFO]: [JSEngine] Loading JSEngine v3.0.4
[16:17:05] [Server thread/INFO]: [TAB-BukkitBridge] Loading TAB-BukkitBridge v1.5.1
[16:17:05] [Server thread/INFO]: [ActionBarAPI] Loading ActionBarAPI v1.5.4
[16:17:05] [Server thread/INFO]: [ProtocolLib] Loading ProtocolLib v4.7.1-SNAPSHOT-b530
[16:17:09] [Server thread/INFO]: [LibsDisguises] Loading LibsDisguises v10.0.25
[16:17:10] [Server thread/INFO]: [ImageMaps] Loading ImageMaps v1.0.7
[16:17:10] [Server thread/INFO]: [PunishGUI] Loading PunishGUI v1.0.6
[16:17:10] [Server thread/INFO]: [SignEditor] Loading SignEditor v1.4
[16:17:10] [Server thread/INFO]: [ServerListPlus] Loading ServerListPlus v3.4.8
[16:17:10] [Server thread/INFO]: [PlayerTimeZones] Loading PlayerTimeZones v1.0
[16:17:10] [Server thread/INFO]: [ViaRewind] Loading ViaRewind v2.0.1
[16:17:10] [Server thread/INFO]: [ORewards] Loading ORewards v1.4.9-STABLE
[16:17:10] [Server thread/INFO]: [HolographicDisplays] Loading HolographicDisplays v2.4.8
[16:17:10] [Server thread/INFO]: [BungeeGuard] Loading BungeeGuard v1.2-SNAPSHOT
[16:17:10] [Server thread/INFO]: [ServerSystem] Loading ServerSystem v1.6.5
[16:17:10] [Server thread/INFO]: [Vault] Loading Vault v1.7.3-b131
[16:17:10] [Server thread/INFO]: [PrivateMessages] Loading PrivateMessages v3.0-Beta6
[16:17:10] [Server thread/INFO]: [PixelVip] Loading PixelVip v3.0.3
[16:17:10] [Server thread/INFO]: [BetterSocial] Loading BetterSocial v1.2-BETA
[16:17:10] [Server thread/INFO]: [EpicRename] Loading EpicRename v3.10
[16:17:10] [Server thread/INFO]: [BetterHeads] Loading BetterHeads v1.2-BETA
[16:17:10] [Server thread/INFO]: [DKBans] Loading DKBans vMcNative loader (1.7.75.84)
[16:17:10] [Server thread/INFO]: [DKBans] (McNative-Loader) Server: mirror.mcnative.org, Qualifier: RELEASE
[16:17:10] [Server thread/INFO]: [DKBans] (McNative-Loader) McNative 1.27.1.272 (Up to date)
[16:17:10] [Server thread/INFO]: [McNative] McNative is starting, please wait...
[16:17:10] [Server thread/INFO]: [McNative] Api Version: 1.5.24.182
[16:17:10] [Server thread/INFO]: [McNative] Impl Version: 1.27.1.272
[16:17:10] [Server thread/INFO]: [McNative] Searching configuration file
[16:17:10] [Server thread/INFO]: [McNative] Loading configuration (config.yml)
[16:17:10] [Server thread/INFO]: [McNative] McNative initialised and injected plugin manager.
[16:17:11] [Server thread/WARN]: ------------------------
[16:17:11] [Server thread/WARN]: Versions above Java 15 are not officially supported for JE_1_16_4, it might cause issues on your server
[16:17:11] [Server thread/WARN]: ------------------------
[16:17:11] [Server thread/WARN]: [DKBans] Loaded class org.slf4j.spi.SLF4JServiceProvider from PostMan v1.3.1 which is not a depend, softdepend or loadbefore of this plugin.
[16:17:11] [Server thread/INFO]: Start registering protocolIds for materials
[16:17:11] [Server thread/INFO]: Registered protocolIds for materials
[16:17:11] [Server thread/INFO]: [McNative] (Database-Driver) default Connected to local H2Portable database
[16:17:11] [Server thread/INFO]: [com.zaxxer.hikari.HikariDataSource] [McNative] (Database-Driver) default - Starting...
[16:17:12] [Server thread/INFO]: [com.zaxxer.hikari.HikariDataSource] [McNative] (Database-Driver) default - Start completed.
[16:17:12] [Server thread/INFO]: [McNative] McNative has overwritten default bukkit events.
[16:17:12] [Server thread/INFO]: [McNative] (Service) Initialized PlaceHolderApi provider
[16:17:13] [Server thread/INFO]: (Message-Provider) Loaded message pack McNative English
[16:17:13] [Server thread/INFO]: (Message-Provider) Loaded 33 messages
[16:17:13] [Server thread/INFO]: [DKBans] (Resource-Loader) Server: mirror.mcnative.org, Qualifier: RELEASE
[16:17:13] [Server thread/INFO]: [DKBans] (Resource-Loader) McNative 1.19.3.501 (Up to date)
[16:17:13] [Server thread/INFO]: [DKBans] (Message-Provider) Loaded message pack DKBans English
[16:17:13] [Server thread/INFO]: [DKBans] (Message-Provider) Loaded 235 messages
[16:17:13] [Server thread/INFO]: [DKBans] DKBans is starting, please wait..
[16:17:13] [Server thread/INFO]: [com.zaxxer.hikari.HikariDataSource] [McNative] (Database-Driver) default - Starting...
[16:17:14] [pool-11-thread-3/INFO]: [McNative] Overwriting channel future list [AbstractBootstrap$PendingRegistrationPromise@2c46fbcb(success)]
[16:17:14] [pool-11-thread-3/INFO]: [McNative] McNative successfully started.
[16:17:14] [pool-11-thread-3/INFO]: [McNative] McNative has overwritten the channel initializer.
[16:17:14] [Server thread/INFO]: [com.zaxxer.hikari.HikariDataSource] [McNative] (Database-Driver) default - Start completed.
[16:17:14] [Server thread/INFO]: [DKBans] DKBans config loaded
[16:17:14] [Server thread/INFO]: [PlaceholderAPI] Successfully registered expansion: dkbans
[16:17:14] [Server thread/INFO]: [DKBans] DKBans started successfully
[16:17:14] [Server thread/INFO]: [CustomWings] Loading CustomWings v4.0.0
[16:17:14] [Server thread/INFO]: [ChatManager] Loading ChatManager v3.7.3
[16:17:14] [Server thread/INFO]: [MyCommand] Loading MyCommand v5.7.1
[16:17:14] [Server thread/INFO]: [GUIPlus] Loading GUIPlus v2.8
[16:17:14] [Server thread/INFO]: [WorldEdit] Loading WorldEdit v7.2.5+57d5ac9
[16:17:16] [Server thread/INFO]: Got request to register class com.sk89q.worldedit.bukkit.BukkitServerInterface with WorldEdit [com.sk89q.worldedit.extension.platform.PlatformManager@63a137f8]
[16:17:16] [Server thread/INFO]: [TempFly] Loading TempFly v3.0.9
[16:17:16] [Server thread/INFO]: [WorldEditSUI] Loading WorldEditSUI v1.7.1
[16:17:16] [Server thread/INFO]: [InteractiveChat] Loading InteractiveChat v4.0.0.13
[16:17:16] [Server thread/INFO]: [Admin-GUI] Loading Admin-GUI v1.5.0
[16:17:16] [Server thread/INFO]: [AdvancedBan] Loading AdvancedBan v2.3.0
[16:17:16] [Server thread/INFO]: [SuperLobby] Loading SuperLobby v4.3.5
[16:17:16] [Server thread/INFO]: [ItemJoin] Loading ItemJoin v5.2.2-RELEASE-b734
[16:17:16] [Server thread/INFO]: [PlayerParticles] Loading PlayerParticles v7.20
[16:17:16] [Server thread/INFO]: Server permissions file permissions.yml is empty, ignoring it
[16:17:16] [Server thread/INFO]: [LuckPerms] Enabling LuckPerms v5.3.47
[16:17:17] [Server thread/INFO]:         __    
[16:17:17] [Server thread/INFO]:   |    |__)   LuckPerms v5.3.47
[16:17:17] [Server thread/INFO]:   |___ |      Running on Bukkit - Paper
[16:17:17] [Server thread/INFO]: 
[16:17:17] [Server thread/INFO]: [LuckPerms] Loading configuration...
[16:17:18] [Server thread/INFO]: [LuckPerms] Loading storage provider... [MYSQL]
[16:17:18] [Server thread/INFO]: [me.lucko.luckperms.lib.hikari.HikariDataSource] luckperms-hikari - Starting...
[16:17:18] [Server thread/WARN]: [LuckPerms] Loaded class org.h2.Driver from ServerSystem v1.6.5 which is not a depend, softdepend or loadbefore of this plugin.
[16:17:18] [Server thread/INFO]: [me.lucko.luckperms.lib.hikari.HikariDataSource] luckperms-hikari - Start completed.
[16:17:20] [Server thread/INFO]: [LuckPerms] Loading messaging service... [SQL]
[16:17:21] [Server thread/INFO]: [LuckPerms] Loading internal permission managers...
[16:17:22] [Server thread/INFO]: [LuckPerms] Performing initial data load...
[16:17:22] [Server thread/INFO]: [LuckPerms] Successfully enabled. (took 6230ms)
[16:17:22] [Server thread/INFO]: [JSEngine] Enabling JSEngine v3.0.4
[16:17:22] [Server thread/INFO]: [JSEngine] JSEngine version 3.0.4 is Enabled
[16:17:22] [Server thread/INFO]: [ProtocolLib] Enabling ProtocolLib v4.7.1-SNAPSHOT-b530
[16:17:22] [Server thread/INFO]: [ProtocolLib] Started structure compiler thread.
[16:17:22] [Server thread/INFO]: [ViaRewind] Enabling ViaRewind v2.0.1
[16:17:23] [Server thread/INFO]: [Vault] Enabling Vault v1.7.3-b131
[16:17:23] [Server thread/INFO]: [Vault] [Permission] SuperPermissions loaded as backup permission system.
[16:17:23] [Server thread/INFO]: [Vault] Enabled Version 1.7.3-b131
[16:17:23] [Server thread/INFO]: [LuckPerms] Registered Vault permission & chat hook.
[16:17:23] [Server thread/INFO]: [WorldEdit] Enabling WorldEdit v7.2.5+57d5ac9
[16:17:23] [Server thread/INFO]: WEPIF: Vault detected! Using Vault for permissions
[16:17:24] [Server thread/INFO]: Using com.sk89q.worldedit.bukkit.adapter.impl.Spigot_v1_16_R3 as the Bukkit adapter
[16:17:28] [Server thread/INFO]: [ItemJoin] Enabling ItemJoin v5.2.2-RELEASE-b734
[16:17:28] [Server thread/INFO]: Preparing level "HUB"
[16:17:28] [Server thread/INFO]: Registering commands with com.sk89q.worldedit.bukkit.BukkitServerInterface
[16:17:29] [Server thread/INFO]: Preparing start region for dimension minecraft:overworld
[16:17:30] [Server thread/INFO]: Preparing spawn area: 0%
[16:17:30] [Server thread/INFO]: Preparing spawn area: 0%
[16:17:31] [Server thread/INFO]: Preparing spawn area: 29%
[16:17:31] [Server thread/INFO]: Preparing spawn area: 100%
[16:17:31] [Server thread/INFO]: Time elapsed: 1811 ms
[16:17:31] [Server thread/INFO]: [Colored Signs] Enabling ColoredSigns v5.0.0
[16:17:31] [Server thread/INFO]: [PlaceholderAPI] Enabling PlaceholderAPI v2.10.9
[16:17:31] [Server thread/INFO]: [PlaceholderAPI] Fetching available expansion information...
[16:17:31] [Server thread/INFO]: [ColorConsole] Enabling ColorConsole v2.3.3*
[16:17:31] [Server thread/INFO]: [PlugMan] Enabling PlugMan v2.2.2
[16:17:32] [Server thread/INFO]: [PlayTime] Enabling PlayTime v2.1.1
[16:17:32] [Server thread/INFO]: [PlaceholderAPI] Successfully registered expansion: PlayTime
[16:17:32] [Server thread/INFO]: [PlayTime] Registered PlaceholderAPI hook.
[16:17:32] [Server thread/INFO]: [PostMan] Enabling PostMan v1.3.1*
[16:17:32] [Server thread/INFO]: [PostMan] Loading support for version: v1_16_R3
[16:17:32] [Server thread/WARN]: Loading class `com.mysql.jdbc.Driver'. This is deprecated. The new driver class is `com.mysql.cj.jdbc.Driver'. The driver is automatically registered via the SPI and manual loading of the driver class is generally unnecessary.
[16:17:32] [Server thread/INFO]: [com.zaxxer.hikari.HikariDataSource] HikariPool-1 - Starting...
[16:17:32] [Server thread/WARN]: [PostMan] Loaded class org.h2.Driver from ServerSystem v1.6.5 which is not a depend, softdepend or loadbefore of this plugin.
[16:17:32] [Server thread/WARN]: [com.zaxxer.hikari.util.DriverDataSource] Registered driver with driverClassName=com.mysql.jdbc.Driver was not found, trying direct instantiation.
[16:17:32] [Server thread/INFO]: [com.zaxxer.hikari.HikariDataSource] HikariPool-1 - Start completed.
[16:17:32] [Server thread/INFO]: [PostMan] MySQL database successfully connected and established.
[16:17:32] [Server thread/INFO]: [PostMan] Checking updates...
[16:17:32] [Server thread/INFO]: [PostMan] You are using latest version of PostMan!
[16:17:32] [Server thread/INFO]: [BookNews] Enabling BookNews v5.4
[16:17:32] [Server thread/INFO]: BookNews is fully updated.
[16:17:32] [Server thread/INFO]: [PlayerReport] Enabling PlayerReport v3.4.0
[16:17:32] [Server thread/INFO]: [GSit] Enabling GSit v[5.3.8.1]
[16:17:33] [Server thread/INFO]: [GSit] The Plugin was successfully enabled.
[16:17:33] [Server thread/INFO]: [ViaVersion] Enabling ViaVersion v4.0.1
[16:17:33] [Server thread/INFO]: [NBTAPI] Enabling NBTAPI v2.8.0
[16:17:33] [Server thread/INFO]: [NBTAPI] Adding listeners...
[16:17:33] [Server thread/INFO]: [NBTAPI] Gson:
[16:17:33] [Server thread/INFO]: [NBTAPI] Checking bindings...
[16:17:33] [Server thread/INFO]: [NBTAPI] All Classes were able to link!
[16:17:33] [Server thread/INFO]: [NBTAPI] All Methods were able to link!
[16:17:33] [Server thread/INFO]: [NBTAPI] Running NBT reflection test...
[16:17:33] [Server thread/INFO]: [NBTAPI] TypeTest: Ok
[16:17:33] [Server thread/INFO]: [NBTAPI] EqualsTest: Ok
[16:17:33] [Server thread/INFO]: [NBTAPI] EmptyItemTest: Ok
[16:17:33] [Server thread/INFO]: [NBTAPI] DirectApplyTest: Ok
[16:17:33] [Server thread/INFO]: [NBTAPI] EntityCustomNbtInjectorTest: Ok
[16:17:33] [Server thread/INFO]: [NBTAPI] TilesCustomNBTInjectorTest: Ok
[16:17:33] [Server thread/INFO]: [NBTAPI] EntityCustomNbtPersistentTest: Ok
[16:17:33] [Server thread/INFO]: [NBTAPI] GameprofileTest: Ok
[16:17:33] [Server thread/INFO]: [NBTAPI] SubCompoundsTest: Ok
[16:17:33] [Server thread/INFO]: [NBTAPI] MergeTileSubCompoundTest: Ok
[16:17:33] [Server thread/INFO]: [NBTAPI] IteratorTest: Ok
[16:17:33] [Server thread/INFO]: [NBTAPI] ChunkNBTPersistentTest: Ok
[16:17:33] [Server thread/INFO]: [NBTAPI] ItemConvertionTest: Ok
[16:17:33] [Server thread/INFO]: [NBTAPI] WorldDataTest: Ok
[16:17:33] [Server thread/INFO]: [NBTAPI] NBTFileTest: Ok
[16:17:33] [Server thread/INFO]: [NBTAPI] StreamTest: Ok
[16:17:33] [Server thread/INFO]: [NBTAPI] ListTest: Ok
[16:17:33] [Server thread/INFO]: [NBTAPI] ItemMergingTest: Ok
[16:17:33] [Server thread/INFO]: [NBTAPI] TilesCustomNBTPersistentTest: Ok
[16:17:33] [Server thread/INFO]: [NBTAPI] ForEachTest: Ok
[16:17:33] [Server thread/INFO]: [NBTAPI] EntityTest: Ok
[16:17:33] [Server thread/INFO]: [NBTAPI] BlockNBTTest: Ok
[16:17:33] [Server thread/INFO]: [NBTAPI] GetterSetterTest: Ok
[16:17:33] [Server thread/INFO]: [NBTAPI] SpawnEntityCustomNbtInjectorTest: Ok
[16:17:33] [Server thread/INFO]: [NBTAPI] RemovingKeys: Ok
[16:17:33] [Server thread/INFO]: [NBTAPI] MergeTest: Ok
[16:17:33] [Server thread/INFO]: [NBTAPI] TileTest: Ok
[16:17:33] [Server thread/INFO]: [NBTAPI] Success! This version of NBT-API is compatible with your server.
[16:17:33] [Server thread/INFO]: [GHolo] Enabling GHolo v[3.1.5.0]
[16:17:33] [Server thread/INFO]: [GHolo] The Plugin was successfully enabled.
[16:17:33] [Server thread/INFO]: [GHolo] Hooked successfully with PlaceholderAPI!
[16:17:33] [Server thread/INFO]: [ViaBackwards] Enabling ViaBackwards v4.0.1
[16:17:33] [Server thread/INFO]: [SimplePortals] Enabling SimplePortals v1.6.6
[16:17:33] [Server thread/INFO]: [SimplePortals] Everything inside the configuration seems to be up to date. (Took 5ms)
[16:17:33] [Server thread/INFO]: [SimplePortals] Packets have been setup for v1_16_R3!
[16:17:33] [Server thread/INFO]: [SimplePortals] Everything looks like it is up to date!
[16:17:33] [Server thread/INFO]: [StaffCore] Enabling StaffCore v3.6.2
[16:17:33] [Server thread/INFO]: 
[16:17:33] [Server thread/INFO]: System » Checking version... (3.6.2)
[16:17:33] [Server thread/INFO]: 
[16:17:34] [Server thread/INFO]: 
[16:17:34] [Server thread/INFO]: System » SUCCESS (Versioncheck)
[16:17:34] [Server thread/INFO]: 
[16:17:34] [Server thread/INFO]: You are using the latest build!
[16:17:34] [Server thread/INFO]: 
[16:17:34] [Server thread/INFO]: 
[16:17:34] [Server thread/INFO]: System » Generating... (config.yml)
[16:17:34] [Server thread/INFO]: 
[16:17:34] [Server thread/INFO]: 
[16:17:34] [Server thread/INFO]: System » Generated (config.yml)
[16:17:34] [Server thread/INFO]: 
[16:17:34] [Server thread/INFO]: 
[16:17:34] [Server thread/INFO]: System » Fetching... (Translations from translate.lacodev.de)
[16:17:34] [Server thread/INFO]: 
[16:17:34] [Server thread/INFO]: 
[16:17:34] [Server thread/INFO]: System » Successfully cached 278 Fallback-Translations(US)
[16:17:34] [Server thread/INFO]: 
[16:17:34] [Server thread/INFO]: 
[16:17:34] [Server thread/INFO]: System » Successfully cached 270 Translations(DE)
[16:17:34] [Server thread/INFO]: 
[16:17:34] [Server thread/INFO]: 
[16:17:34] [Server thread/INFO]: System » Applying values... (config.yml)
[16:17:34] [Server thread/INFO]: 
[16:17:34] [Server thread/INFO]: 
[16:17:34] [Server thread/INFO]: System » Applied values (config.yml)
[16:17:34] [Server thread/INFO]: 
[16:17:34] [Server thread/INFO]: System (MySQL) - Hooking Database Services...
[16:17:34] [Server thread/WARN]: [StaffCore] Loaded class org.h2.Driver from ServerSystem v1.6.5 which is not a depend, softdepend or loadbefore of this plugin.
[16:17:34] [Server thread/INFO]: System (MySQL) - Successfully hooked Database StaffCore
[16:17:34] [Server thread/INFO]: System (MySQL) - Successfully created/loaded MySQL-Table
[16:17:34] [Server thread/INFO]: 
[16:17:34] [Server thread/INFO]: System » Activating MCLeaks-Blocker...
[16:17:34] [Server thread/INFO]: 
[16:17:34] [Server thread/INFO]: System » Environment: git-Paper-780 (MC: 1.16.5)
[16:17:34] [Server thread/INFO]: System » StaffCore: v3.6.2(LATEST)
[16:17:34] [Server thread/INFO]: System » SUCCESS (PLUGIN STARTED)
[16:17:34] [Server thread/INFO]: 
[16:17:34] [Server thread/INFO]: [TheOnly-Donations] Enabling TheOnly-Donations v3.0.1
[16:17:34] [Server thread/INFO]:   _______ _             ____        _       
[16:17:34] [Server thread/INFO]:  |__   __| |           / __ \      | |      
[16:17:34] [Server thread/INFO]:     | |  | |__   ___  | |  | |_ __ | |_   _ 
[16:17:34] [Server thread/INFO]:     | |  | '_ \ / _ \ | |  | | '_ \| | | | |
[16:17:34] [Server thread/INFO]:     | |  | | | |  __/ | |__| | | | | | |_| |
[16:17:34] [Server thread/INFO]:     |_|  |_| |_|\___|  \____/|_| |_|_|\__, |
[16:17:34] [Server thread/INFO]:                                        __/ |
[16:17:34] [Server thread/INFO]:                                       |___/ 
[16:17:34] [Server thread/INFO]:   
[16:17:34] [Server thread/INFO]:                 Donations edition
[16:17:34] [Server thread/INFO]:             Thanks for using and enjoy!
[16:17:34] [Server thread/INFO]:   
[16:17:34] [Server thread/INFO]: [PlaceholderAPI] Successfully registered expansion: donations
[16:17:34] [Server thread/INFO]: [TheOnly-Donations] Loading all products...
[16:17:34] [Server thread/INFO]: [TheOnly-Donations] Loaded vip product.
[16:17:34] [Server thread/INFO]: [TheOnly-Donations] Loaded vip+ product.
[16:17:34] [Server thread/INFO]: [TheOnly-Donations] Successfully loaded all products!
[16:17:34] [Server thread/INFO]: [ServerLog] Enabling ServerLog v1.1.3
[16:17:34] [Server thread/INFO]: [Server Log]: Thank you for choosing Server Log to log your server's functions.
[16:17:34] [Server thread/INFO]: [Server Log]: The current version you are using is ServerLog v1.1.3
[16:17:34] [Server thread/INFO]: [Server Log]: This is the full version of Server Log, so all features are enabled.
[16:17:34] [Server thread/INFO]: [Server Log]: bStats is enabled!
[16:17:34] [Server thread/INFO]: [Server Log]: All files have been initiated...
[16:17:34] [Server thread/INFO]: [BuildModeBGHD] Enabling BuildModeBGHD v3.5*
[16:17:34] [Server thread/INFO]: ********************
[16:17:34] [Server thread/INFO]: [INFO] Initializing BuildMode Version: 3.5
[16:17:34] [Server thread/INFO]: [INFO] Created by: BGHDDevelopment
[16:17:34] [Server thread/INFO]: [INFO] Website: https://bghddevelopment.com
[16:17:34] [Server thread/INFO]: [INFO] Spigot Link: https://spigotmc.org/resources/39103
[16:17:34] [Server thread/INFO]: [INFO] Support Link: https://bghddevelopment.com/discord
[16:17:34] [Server thread/INFO]: ********************
[16:17:34] [Server thread/INFO]: [INFO] Plugin Loading...
[16:17:34] [Server thread/INFO]: [INFO] Registering Managers...
[16:17:34] [Server thread/INFO]: [INFO] Managers Registered!
[16:17:34] [Server thread/INFO]: [INFO] Registering Listeners...
[16:17:34] [Server thread/INFO]: [INFO] Listeners Registered!
[16:17:34] [Server thread/INFO]: [INFO] Registering Commands...
[16:17:34] [Server thread/INFO]: [INFO] Commands Registered!
[16:17:34] [Server thread/INFO]: [INFO] Loading Config's...
[16:17:34] [Server thread/INFO]: [INFO] Config's Registered!
[16:17:34] [Server thread/INFO]: [SUCCESS] BuildMode Version: 3.5 Loaded.
[16:17:34] [Server thread/INFO]: ********************
[16:17:34] [Server thread/INFO]: [INFO] Checking for updates...
[16:17:34] [Server thread/INFO]: [TAB-BukkitBridge] Enabling TAB-BukkitBridge v1.5.1
[16:17:34] [Server thread/INFO]: [TAB-BukkitBridge] Enabled in 6ms
[16:17:34] [Server thread/INFO]: [ActionBarAPI] Enabling ActionBarAPI v1.5.4
[16:17:34] [Server thread/INFO]: ActionBarAPI V1.5.4 has been enabled!
[16:17:34] [Server thread/INFO]: [LibsDisguises] Enabling LibsDisguises v10.0.25
[16:17:34] [Server thread/INFO]: [LibsDisguises] File Name: LibsDisguises-10.0.25-Free.jar
[16:17:34] [Server thread/INFO]: [LibsDisguises] Discovered nms version: v1_16_R3
[16:17:34] [Server thread/INFO]: [LibsDisguises] Jenkins Build: #934
[16:17:34] [Server thread/INFO]: [LibsDisguises] Build Date: 07/06/2021 10:27
[16:17:35] [Server thread/WARN]: [LibsDisguises] If you own the plugin, place the premium jar downloaded from https://www.spigotmc.org/resources/libs-disguises.32453/ in plugins/LibsDisguises/
[16:17:35] [Server thread/INFO]: [LibsDisguises] You are running the free version, commands limited to non-players and operators. (Console, Command Blocks, Admins)
[16:17:37] [Server thread/INFO]: [LibsDisguises] Loaded custom disguise libraryaddict
[16:17:37] [Server thread/INFO]: [LibsDisguises] Loaded 1 custom disguise
[16:17:37] [Server thread/INFO]: [LibsDisguises] Config is up to date!
[16:17:37] [Server thread/INFO]: [ImageMaps] Enabling ImageMaps v1.0.7
[16:17:38] [Server thread/INFO]: [PunishGUI] Enabling PunishGUI v1.0.6*
[16:17:38] [Server thread/INFO]: Loaded config files!
[16:17:38] [Server thread/INFO]: Loaded commands and permissions!
[16:17:38] [Server thread/INFO]: Enabled 1.13+ glow.
[16:17:38] [Server thread/INFO]: Loaded menus!
[16:17:38] [Server thread/INFO]: Loaded metrics!
[16:17:38] [Server thread/INFO]: PunishmentGUI Loaded!
[16:17:38] [Server thread/INFO]: [SignEditor] Enabling SignEditor v1.4
[16:17:38] [Server thread/INFO]: [ServerListPlus] Enabling ServerListPlus v3.4.8*
[16:17:38] [Server thread/INFO]: [ServerListPlus] [Core] Reloading configuration...
[16:17:38] [Server thread/INFO]: [ServerListPlus] [Core] Loaded configuration: ServerStatusConf
[16:17:38] [Server thread/INFO]: [ServerListPlus] [Core] Loaded configuration: PluginConf
[16:17:38] [Server thread/INFO]: [ServerListPlus] [Core] Reloading saved player identities...
[16:17:38] [Server thread/INFO]: [ServerListPlus] Successfully loaded!
[16:17:38] [Server thread/INFO]: [ServerListPlus] ServerListPlus v3.4.8 enabled.
[16:17:38] [Server thread/INFO]: [PlayerTimeZones] Enabling PlayerTimeZones v1.0
[16:17:38] [Server thread/INFO]: [ORewards] Enabling ORewards v1.4.9-STABLE
[16:17:38] [Server thread/WARN]: [ORewards] Loaded class org.h2.Driver from ServerSystem v1.6.5 which is not a depend, softdepend or loadbefore of this plugin.
[16:17:38] [Server thread/INFO]: [ORewards-Database] Connected to: MySQL
[16:17:38] [Server thread/INFO]: [ORewards-Database] Rewards Loaded: 1, 2, 3
[16:17:38] [Server thread/INFO]: [PlaceholderAPI] Successfully registered expansion: reward
[16:17:38] [Server thread/INFO]: [HolographicDisplays] Enabling HolographicDisplays v2.4.8
[16:17:39] [Server thread/INFO]: [HolographicDisplays] Enabled player relative placeholders with ProtocolLib.
[16:17:39] [Server thread/INFO]: [BungeeGuard] Enabling BungeeGuard v1.2-SNAPSHOT
[16:17:39] [Server thread/INFO]: [BungeeGuard] Using Paper's PlayerHandshakeEvent to listen for connections.
[16:17:39] [Server thread/INFO]: [ServerSystem] Enabling ServerSystem v1.6.5
[16:17:39] [Server thread/INFO]: [Info] [ServerSystem] >> ServerSystem is running on v1.16.R3!
[16:17:39] [Server thread/INFO]: [PlaceholderAPI] Successfully registered expansion: serversystem
[16:17:39] [Server thread/INFO]: [Info] [ServerSystem] >> MySQL enabled, using it...
[16:17:39] [Server thread/INFO]: [Info] [ServerSystem] >> Using economy with MySQL...
[16:17:39] [Server thread/INFO]: [Info] [ServerSystem] >> Using bansystem with MySQL...
[16:17:39] [Server thread/INFO]: [PrivateMessages] Enabling PrivateMessages v3.0-Beta6
[16:17:39] [Server thread/INFO]: [com.zaxxer.hikari.HikariDataSource] HikariPool-2 - Starting...
[16:17:39] [Server thread/INFO]: [com.zaxxer.hikari.HikariDataSource] HikariPool-2 - Start completed.
[16:17:40] [Server thread/INFO]: [PM] Vanish plugin not found! Vanish support disabled.
[16:17:40] [Server thread/INFO]: [PixelVip] Enabling PixelVip v3.0.3*
[16:17:40] [Server thread/INFO]: [PixelVip] Init config module...
[16:17:40] [Server thread/INFO]: [PixelVip] Init utils module...
[16:17:40] [Server thread/INFO]: [PixelVip] Init essentials module...
[16:17:40] [Server thread/INFO]: [PixelVip] Init economy module...
[16:17:40] [Server thread/INFO]: [PixelVip] -> Vault found. Hooked.
[16:17:40] [Server thread/INFO]: [PixelVip] Init commands module...
[16:17:40] [Server thread/INFO]: [PixelVip] Init scheduler module...
[16:17:40] [Server thread/INFO]: [PixelVip] Reloading tasks...
[16:17:40] [Server thread/INFO]: [PixelVip] -> Task started
[16:17:40] [Server thread/INFO]: [PlaceholderAPI] Successfully registered expansion: pixelvip
[16:17:40] [Server thread/INFO]: [PixelVip] -> PlaceHolderAPI found. Hooked.
[16:17:40] [Server thread/INFO]: [PixelVip] We have 0 active Vips on file
[16:17:40] [Server thread/INFO]: [PixelVip] PixelVip enabled!
[16:17:40] [Server thread/INFO]: [PixelVip] Metrics enabled! See our stats here: https://bstats.org/plugin/bukkit/PixelVip
[16:17:40] [Server thread/INFO]: [BetterSocial] Enabling BetterSocial v1.2-BETA
[16:17:40] [Server thread/INFO]: [BetterSocial] Inventory title with support for more than 32 characters. Skipping..
[16:17:40] [Server thread/INFO]: [BetterSocial] Hex colors are available! Ready for RGB..
[16:17:40] [Server thread/INFO]: [BetterSocial] Old constructor for HoverEvent found! Using it..
[16:17:40] [Server thread/INFO]: [BetterSocial] New sendTitle method found! Using it..
[16:17:40] [Server thread/INFO]: [BetterSocial] New setUnbreakable method found! Using it..
[16:17:40] [Server thread/INFO]: [BetterSocial] New isUnbreakable method found! Using it..
[16:17:40] [Server thread/INFO]:   ___      _   _           ___          _      _ 
[16:17:40] [Server thread/INFO]:  | _ ) ___| |_| |_ ___ _ _/ __| ___  __(_)__ _| |
[16:17:40] [Server thread/INFO]:  | _ \/ -_)  _|  _/ -_) '_\__ \/ _ \/ _| / _` | |
[16:17:40] [Server thread/INFO]:  |___/\___|\__|\__\___|_| |___/\___/\__|_\__,_|_|
[16:17:40] [Server thread/INFO]: 
[16:17:40] [Server thread/INFO]:    Running plugin BetterSocial v1.2-BETA
[16:17:40] [Server thread/INFO]:    Server running Paper version git-Paper-780 (MC: 1.16.5)
[16:17:40] [Server thread/INFO]:    (Implementing API version git-Paper-780 (MC: 1.16.5))
[16:17:40] [Server thread/INFO]:    (Developed by  AlonsoAliaga - Thanks for using my plugin ❤)
[16:17:40] [Server thread/INFO]:    (If you loved the plugin consider leaving a review and mentioning your server IP in it!
[16:17:40] [Server thread/INFO]: 
[16:17:40] [Server thread/INFO]: ===================================================================================
[16:17:40] [Server thread/INFO]: [BetterSocial] You are using a Paper fork (Paper). Plugin might have errors
[16:17:40] [Server thread/INFO]: [BetterSocial] and not work properly. Consider using SPIGOT!
[16:17:40] [Server thread/INFO]: [BetterSocial] This is not an error! This is just a warning to let you know that this
[16:17:40] [Server thread/INFO]: [BetterSocial] plugin has not been tested on paper forks. This plugin was made for spigot
[16:17:40] [Server thread/INFO]: [BetterSocial] and has been tested on spigot only. If you have issues report them to the
[16:17:40] [Server thread/INFO]: [BetterSocial] developer instead of reviewing 1 star. Thanks in advanced!
[16:17:40] [Server thread/INFO]: [BetterSocial] Join our official support server on alonsoaliaga.com/discord
[16:17:40] [Server thread/INFO]: ===================================================================================
[16:17:40] [Server thread/INFO]: 
[16:17:40] [Server thread/INFO]: [BetterSocial] BungeeCord action bar available. Hooking..
[16:17:40] [Server thread/INFO]: [BetterSocial] ProtocolLib found! Checking..
[16:17:40] [Server thread/INFO]: [Auto-update] Configuration is up-to-date!
[16:17:40] [Server thread/INFO]: [MySQL] Attempting to create 'bettersocial' table..
[16:17:40] [Server thread/INFO]: [BetterSocial] [MySQL] Attempting to connect to database..
[16:17:40] [Server thread/INFO]: [BetterSocial] [MySQL] Successfully connected to database!
[16:17:40] [Server thread/INFO]: [MySQL] Table 'bettersocial' has been created if didn't exist.
[16:17:40] [Server thread/INFO]: [BetterSocial] Media 'twitter' is enabled in config. Loading..
[16:17:40] [Server thread/INFO]: [BetterSocial] Media 'twitter' successfully enabled! Slot: 10
[16:17:40] [Server thread/INFO]: [BetterSocial] Media 'youtube' is enabled in config. Loading..
[16:17:40] [Server thread/INFO]: [BetterSocial] Media 'youtube' successfully enabled! Slot: 11
[16:17:40] [Server thread/INFO]: [BetterSocial] Media 'instagram' is enabled in config. Loading..
[16:17:40] [Server thread/INFO]: [BetterSocial] Media 'instagram' successfully enabled! Slot: 12
[16:17:40] [Server thread/INFO]: [BetterSocial] Media 'twitch' is enabled in config. Loading..
[16:17:40] [Server thread/INFO]: [BetterSocial] Media 'twitch' successfully enabled! Slot: 13
[16:17:40] [Server thread/INFO]: [BetterSocial] Media 'facebook' is enabled in config. Loading..
[16:17:40] [Server thread/INFO]: [BetterSocial] Media 'facebook' successfully enabled! Slot: 14
[16:17:40] [Server thread/INFO]: [BetterSocial] Media 'discord' is enabled in config. Loading..
[16:17:40] [Server thread/INFO]: [BetterSocial] Media 'discord' successfully enabled! Slot: 15
[16:17:40] [Server thread/INFO]: [BetterSocial] Media 'mynetworkforum' is enabled in config. Loading..
[16:17:40] [Server thread/INFO]: [BetterSocial] Media 'mynetworkforum' successfully enabled! Slot: 16
[16:17:40] [Server thread/INFO]: [BetterSocial] Social media 'youtube' column already registered in database!
[16:17:40] [Server thread/INFO]: [BetterSocial] Social media 'twitter' column already registered in database!
[16:17:40] [Server thread/INFO]: [BetterSocial] Social media 'twitch' column already registered in database!
[16:17:40] [Server thread/INFO]: [BetterSocial] Social media 'discord' column already registered in database!
[16:17:40] [Server thread/INFO]: [BetterSocial] Social media 'facebook' column already registered in database!
[16:17:40] [Server thread/INFO]: [BetterSocial] Social media 'instagram' column already registered in database!
[16:17:40] [Server thread/INFO]: [BetterSocial] Social media 'mynetworkforum' column already registered in database!
[16:17:40] [Server thread/INFO]: [BetterSocial] PlaceholderAPI found! Hooking..
[16:17:40] [Server thread/INFO]: [PlaceholderAPI] Successfully registered expansion: bettersocial
[16:17:40] [Server thread/INFO]: [EpicRename] Enabling EpicRename v3.10
[16:17:40] [Server thread/INFO]: [EpicRename] [CheckServerVersion] Server running 1.16 or newer. Hex color code support has been enabled.
[16:17:40] [Server thread/INFO]: [EpicRename] Version: 3.10 MC Version: ONE_DOT_SIXTEEN_OR_NEWER
[16:17:40] [Server thread/INFO]: [EpicRename] This plugin is Copyright (c) 2021 Justin "JustBru00" Brubaker. This plugin is licensed under the MPL v2.0. You can view a copy of it at: http://bit.ly/2eMknxx
[16:17:40] [Server thread/INFO]: [EpicRename] Starting to enable plugin...
[16:17:40] [Server thread/INFO]: [StarRename] Prefix set to: '[StarRename] '
[16:17:40] [Server thread/INFO]: [StarRename] Plugin Enabled!
[16:17:40] [Server thread/INFO]: [BetterHeads] Enabling BetterHeads v1.2-BETA
[16:17:40] [Server thread/INFO]: [BetterHeads] Inventory title with support for more than 32 characters. Skipping..
[16:17:40] [Server thread/INFO]: [BetterHeads] Hex colors are available! Ready for RGB..
[16:17:40] [Server thread/INFO]: [BetterHeads] Old constructor for HoverEvent found! Using it..
[16:17:40] [Server thread/INFO]: [BetterHeads] New sendTitle method found! Using it..
[16:17:40] [Server thread/INFO]: [BetterHeads] New setUnbreakable method found! Using it..
[16:17:40] [Server thread/INFO]: [BetterHeads] New isUnbreakable method found! Using it..
[16:17:40] [Server thread/INFO]:   ___      _   _           _  _             _    
[16:17:40] [Server thread/INFO]:  | _ ) ___| |_| |_ ___ _ _| || |___ __ _ __| |___
[16:17:40] [Server thread/INFO]:  | _ \/ -_)  _|  _/ -_) '_| __ / -_) _` / _` (_-<
[16:17:40] [Server thread/INFO]:  |___/\___|\__|\__\___|_| |_||_\___\__,_\__,_/__/
[16:17:40] [Server thread/INFO]: 
[16:17:40] [Server thread/INFO]:    Running plugin BetterHeads v1.2-BETA
[16:17:40] [Server thread/INFO]:    Server running Paper version git-Paper-780 (MC: 1.16.5)
[16:17:40] [Server thread/INFO]:    (Implementing API version git-Paper-780 (MC: 1.16.5))
[16:17:40] [Server thread/INFO]:    (Developed by  AlonsoAliaga - Thanks for using my plugin ❤)
[16:17:40] [Server thread/INFO]:    Join our official discord server to receive support in alonsoaliaga.com/discord
[16:17:40] [Server thread/INFO]:    If you loved the plugin consider leaving a review and mentioning your server IP in it!
[16:17:40] [Server thread/INFO]: 
[16:17:40] [Server thread/INFO]: ===================================================================================
[16:17:40] [Server thread/INFO]: [BetterHeads] You are using a Paper fork (Paper). Plugin might have errors
[16:17:40] [Server thread/INFO]: [BetterHeads] and not work properly. Consider using SPIGOT!
[16:17:40] [Server thread/INFO]: [BetterHeads] This is not an error! This is just a warning to let you know that this
[16:17:40] [Server thread/INFO]: [BetterHeads] plugin has not been tested on paper forks. This plugin was made for spigot
[16:17:40] [Server thread/INFO]: [BetterHeads] and has been tested on spigot only. If you have issues report them to the
[16:17:40] [Server thread/INFO]: [BetterHeads] developer instead of reviewing 1 star. Thanks in advanced!
[16:17:40] [Server thread/INFO]: [BetterHeads] Join our official support server on alonsoaliaga.com/discord
[16:17:40] [Server thread/INFO]: ===================================================================================
[16:17:40] [Server thread/INFO]: 
[16:17:40] [Server thread/INFO]: [BetterHeads] BungeeCord action bar available. Hooking..
[16:17:40] [Server thread/INFO]: [BetterHeads] ProtocolLib found! Checking..
[16:17:49] [Server thread/INFO]: [Auto-update] Configuration is up-to-date!
[16:17:49] [Server thread/INFO]: [BetterHeads] Current cost type is 'LEVEL'. Enabling..
[16:17:49] [Server thread/INFO]: [BetterHeads] Version is older than 1.16 => false
[16:17:49] [Server thread/INFO]: [BetterHeads] Current heads saved in the plugin: 37891
[16:17:49] [Server thread/INFO]: [BetterHeads] Current custom heads saved in the plugin: 0
[16:17:49] [Server thread/INFO]: [BetterHeads] Loading 37891 heads from heads.yml.. This is a huge amount of heads.
[16:17:49] [Server thread/INFO]: [BetterHeads] This process can take a while, please be patient.
[16:18:08] [Server thread/INFO]: [BetterHeads] Updated heads.yml successfully!
[16:18:08] [Server thread/INFO]: [BetterHeads] Categories found (10): alphabet, animals, blocks, decoration, food-drinks, humans, humanoid, miscellaneous, monsters, plants
[16:18:08] [Server thread/INFO]: [BetterHeads] -------------------------------------------------------------------------------------------------
[16:18:08] [Server thread/INFO]: [BetterHeads] Check to update and load new heads is not enabled! Skipping..
[16:18:08] [Server thread/INFO]: [BetterHeads] -------------------------------------------------------------------------------------------------
[16:18:08] [Server thread/INFO]: [DKBans] Enabling DKBans v1.19.3.501*
[16:18:08] [Server thread/INFO]: [CustomWings] Enabling CustomWings v4.0.0
[16:18:08] [Server thread/INFO]: [CustomWings] Server running on: v1_16_R3
[16:18:08] [Server thread/INFO]: [CustomWings] Vault detected. Buy functionality enabled.
[16:18:08] [Server thread/INFO]: {CustomWings} CustomWings has been enabled
[16:18:08] [Server thread/INFO]: [ChatManager] Enabling ChatManager v3.7.3
[16:18:08] [Server thread/INFO]: [ChatManager] Hooked into: PlaceholderAPI v2.10.9
[16:18:08] [Server thread/INFO]: [PlaceholderAPI] Successfully registered expansion: chatmanager
[16:18:08] [Server thread/INFO]: [ChatManager] Hooked into: Vault v1.7.3-b131
[16:18:08] [Server thread/INFO]: [ChatManager] Hooked into: LuckPerms v5.3.47
[16:18:08] [Server thread/INFO]: [ChatManager] Plugin is up to date - v3.7.3
[16:18:08] [Server thread/INFO]: [ChatManager] Starting Metrics.
[16:18:08] [Server thread/INFO]: =========================
[16:18:08] [Server thread/INFO]: Chat Manager
[16:18:08] [Server thread/INFO]: Version 3.7.3
[16:18:08] [Server thread/INFO]: Author: H1DD3NxN1NJA
[16:18:08] [Server thread/INFO]: =========================
[16:18:08] [Server thread/INFO]: [MyCommand] Enabling MyCommand v5.7.1
[16:18:08] [Server thread/INFO]: *-=-=-=-=-=-=-=-=-* MyCommand v.5.7.1*-=-=-=-=-=-=-=-=-=-*
[16:18:08] [Server thread/INFO]: | Hooked on Vault 1.7.3-b131
[16:18:08] [Server thread/INFO]: | Command file(s) found : 1
[16:18:08] [Server thread/INFO]: | Config : Ready.
[16:18:08] [Server thread/INFO]: | ProtocolLib found, features availables (SignMenu)
[16:18:08] [Server thread/INFO]: [PlaceholderAPI] Successfully registered expansion: mycommand
[16:18:08] [Server thread/INFO]: | Placeholder_API : Hooked, Ok.
[16:18:08] [Server thread/INFO]: | Custom commands loaded : 44
[16:18:11] [Server thread/INFO]: | You're running the latest version of MyCommand.
[16:18:11] [Server thread/INFO]: | Using MySQL database for PlayerData storage.
[16:18:11] [Server thread/INFO]: | Connecting to database (MySQL) ...
[16:18:11] [Server thread/INFO]: | Connected.
[16:18:11] [Server thread/WARN]: [MyCommand] Loaded class com.comphenix.protocol.events.PacketListener from ProtocolLib v4.7.1-SNAPSHOT-b530 which is not a depend, softdepend or loadbefore of this plugin.
[16:18:11] [Server thread/INFO]: |          by emmerrei a.k.a. ivanfromitaly.           
[16:18:11] [Server thread/INFO]: *-=-=-=-=-=-=-=-=-=-*   Done!   *-=-=-=-=-=-=-=-=-=-=-*
[16:18:11] [Server thread/INFO]: [GUIPlus] Enabling GUIPlus v2.8
[16:18:11] [Server thread/INFO]: [TempFly] Enabling TempFly v3.0.9
[16:18:12] [Server thread/INFO]: [TempFly] Initializing ClipAPI
[16:18:12] [Server thread/INFO]: [PlaceholderAPI] Successfully registered expansion: tempfly
[16:18:12] [Server thread/INFO]: [WorldEditSUI] Enabling WorldEditSUI v1.7.1
[16:18:12] [Server thread/INFO]: [WorldEditSUI] Plugin by KennyTV
[16:18:12] [Server thread/INFO]: [InteractiveChat] Enabling InteractiveChat v4.0.0.13
[16:18:12] [Server thread/INFO]: [InteractiveChat] MYSQL CONNECTED
[16:18:12] [Server thread/INFO]: [InteractiveChat] InteractiveChat has hooked into ChatManager!
[16:18:12] [Server thread/INFO]: [InteractiveChat] InteractiveChat has hooked into ViaVersion!
[16:18:12] [Server thread/INFO]: [PlaceholderAPI] Successfully registered expansion: interactivechat
[16:18:12] [Server thread/INFO]: [InteractiveChat] InteractiveChat has been Enabled!
[16:18:12] [Server thread/INFO]: [Admin-GUI] Enabling Admin-GUI v1.5.0
[16:18:12] [Server thread/INFO]: [AdvancedBan] Enabling AdvancedBan v2.3.0
[16:18:13] [Server thread/INFO]: [me.leoko.advancedban.shaded.com.zaxxer.hikari.HikariDataSource] HikariPool-1 - Starting...
[16:18:13] [Server thread/INFO]: [me.leoko.advancedban.shaded.com.zaxxer.hikari.HikariDataSource] HikariPool-1 - Start completed.
[16:18:13] [Server thread/INFO]: AdvancedBan >> Failed to register command ban
[16:18:13] [Server thread/INFO]: AdvancedBan >> Failed to register command warn
[16:18:13] [Server thread/INFO]: AdvancedBan >> Failed to register command kick
[16:18:13] [Server thread/INFO]: AdvancedBan >> Failed to register command unban
[16:18:13] [Server thread/INFO]: AdvancedBan >> Failed to register command unmute
[16:18:13] [Server thread/INFO]: AdvancedBan >> Failed to register command banlist
[16:18:13] [Server thread/INFO]: AdvancedBan >> Failed to register command history
[16:18:13] [Server thread/INFO]: 
 
[]=====[Enabling AdvancedBan]=====[]
| Information:
|   Name: AdvancedBan
|   Developer: Leoko
|   Version: 2.3.0
|   Storage: MySQL (external)
| Support:
|   Github: https://github.com/DevLeoko/AdvancedBan/issues
|   Discord: https://discord.gg/ycDG6rS
| Twitter: @LeokoGar
| Update:
|   You have the newest version
[]================================[]
 
[16:18:13] [Server thread/INFO]: [SuperLobby] Enabling SuperLobby v4.3.5
[16:18:13] [Server thread/INFO]: -=-=-=-=-=-=-=-=-=-=-=-=-=-=-=-=-=-=-=-=-=-=-=-=-=-=-=
[16:18:13] [Server thread/INFO]:    _____                       _           _     _           
[16:18:13] [Server thread/INFO]:   / ____|                     | |         | |   | |          
[16:18:13] [Server thread/INFO]:  | (___  _   _ _ __   ___ _ __| |     ___ | |__ | |__  _   _ 
[16:18:13] [Server thread/INFO]:   \___ \| | | | '_ \ / _ \ '__| |    / _ \| '_ \| '_ \| | | |
[16:18:13] [Server thread/INFO]:   ____) | |_| | |_) |  __/ |  | |___| (_) | |_) | |_) | |_| |
[16:18:13] [Server thread/INFO]:  |_____/ \__,_| .__/ \___|_|  |______\___/|_.__/|_.__/ \__, |
[16:18:13] [Server thread/INFO]:               | |                                       __/ |
[16:18:13] [Server thread/INFO]:               |_|                                      |___/ 
[16:18:13] [Server thread/INFO]:     
[16:18:13] [Server thread/INFO]: -=-=-=-=-=-=-=-=-=-=-=-=-=-=-=-=-=-=-=-=-=-=-=-=-=-=-=
[16:18:13] [Server thread/INFO]: [SuperLobby] Deluxe Version: V4.3.5
[16:18:13] [Server thread/INFO]: [SuperLobby] Plugin Create by PedroJM96.
[16:18:13] [Server thread/INFO]: [SuperLobby] Loading configuration...
[16:18:13] [Server thread/INFO]: [SuperLobby] Load config.yml
[16:18:13] [Server thread/INFO]: [SuperLobby] config.yml loaded.
[16:18:13] [Server thread/INFO]: [SuperLobby] Load messages_EN.yml
[16:18:13] [Server thread/INFO]: [SuperLobby] messages_EN.yml loaded.
[16:18:13] [Server thread/INFO]: [SuperLobby] Load spawn.yml
[16:18:13] [Server thread/INFO]: [SuperLobby] spawn.yml loaded.
[16:18:13] [Server thread/INFO]: [SuperLobby] Load chat.yml
[16:18:13] [Server thread/INFO]: [SuperLobby] chat.yml loaded.
[16:18:13] [Server thread/INFO]: [SuperLobby] Load infocommands.yml
[16:18:13] [Server thread/INFO]: [SuperLobby] infocommands.yml loaded.
[16:18:13] [Server thread/INFO]: [SuperLobby] Register info command /info
[16:18:13] [Server thread/INFO]: [SuperLobby] Register info command /youtubers
[16:18:13] [Server thread/INFO]: [SuperLobby] Register info command /socialpages
[16:18:13] [Server thread/INFO]: [SuperLobby] Register info command /rewards
[16:18:13] [Server thread/INFO]: [SuperLobby] Register info command /rules
[16:18:13] [Server thread/INFO]: [SuperLobby] Register info command /help
[16:18:13] [Server thread/INFO]: [SuperLobby] Load customevents.yml
[16:18:13] [Server thread/INFO]: [SuperLobby] customevents.yml loaded.
[16:18:13] [Server thread/INFO]: [SuperLobby] Load items.yml
[16:18:13] [Server thread/INFO]: [SuperLobby] items.yml loaded.
[16:18:13] [Server thread/INFO]: [SuperLobby] Load menus.yml
[16:18:13] [Server thread/INFO]: [SuperLobby] menus.yml loaded.
[16:18:13] [Server thread/INFO]: [SuperLobby] Register command menu /menu
[16:18:13] [Server thread/INFO]: [SuperLobby] Register command menu /game
[16:18:13] [Server thread/INFO]: [SuperLobby] Register command menu /profile
[16:18:14] [Server thread/INFO]: [SuperLobby] Register command menu /shop
[16:18:14] [Server thread/INFO]: [SuperLobby] Load board.yml
[16:18:14] [Server thread/INFO]: [SuperLobby] board.yml loaded.
[16:18:14] [Server thread/INFO]: [SuperLobby] Load announcer.yml
[16:18:14] [Server thread/INFO]: [SuperLobby] announcer.yml loaded.
[16:18:14] [Server thread/INFO]: [SuperLobby] Register commands...
[16:18:14] [Server thread/INFO]: [SuperLobby] Register main command superlobby
[16:18:14] [Server thread/INFO]: [SuperLobby] Register sub-command setspawn
[16:18:14] [Server thread/INFO]: [SuperLobby] Register sub-command setspawnpermission
[16:18:14] [Server thread/INFO]: [SuperLobby] Register sub-command remspawn
[16:18:14] [Server thread/INFO]: [SuperLobby] Register sub-command reload
[16:18:14] [Server thread/INFO]: [SuperLobby] Register sub-command help
[16:18:14] [Server thread/INFO]: [SuperLobby] Register sub-command openmenu
[16:18:14] [Server thread/INFO]: [SuperLobby] Hooked Vault Permissions
[16:18:14] [Server thread/INFO]: [SuperLobby] Hooked Vault Chat
[16:18:14] [Server thread/INFO]: [SuperLobby] Hooked Vault economy
[16:18:14] [Server thread/INFO]: [SuperLobby] Hooked PlaceholderAPI
[16:18:14] [Server thread/INFO]: [SuperLobby] Hooked ViaVersion
[16:18:14] [Server thread/INFO]: [SuperLobby] A total of 4 menus were loaded.
[16:18:14] [Server thread/INFO]: -=-=-=-=-=-=-=-=-=-=-=-=-=-=-=-=-=-=-=-=-=-=-=-=-=-=-=
[16:18:14] [Server thread/INFO]: [PlayerParticles] Enabling PlayerParticles v7.20
[16:18:16] [Server thread/INFO]: [PlaceholderAPI] Successfully registered expansion: playerparticles
[16:18:17] [Server thread/INFO]: [PlaceholderAPI] Placeholder expansion registration initializing...
[16:18:17] [Server thread/INFO]: Running delayed init tasks
[16:18:17] [Server thread/INFO]: [ViaVersion] ViaVersion detected server version: 1.16.4/5 (754)
[16:18:17] [Craft Scheduler Thread - 4/INFO]: [ItemJoin] Hooked into { PlaceholderAPI, ProtocolLib, Vault }
[16:18:17] [Craft Scheduler Thread - 4/INFO]: [ItemJoin] 0 Custom item(s) loaded!
[16:18:19] [Server thread/INFO]: [Info] [ServerSystem] >> I recommend you using Tuinity
[16:18:19] [Server thread/INFO]: [Info] [ServerSystem] >> This is just a RECOMMENDATION!!!!!!!
[16:18:19] [Server thread/INFO]: [ViaVersion] Finished mapping loading, shutting down loader executor!
[16:18:19] [Server thread/WARN]: [PlaceholderAPI] Loaded class net.milkbowl.vault.economy.Economy from Vault v1.7.3-b131 which is not a depend, softdepend or loadbefore of this plugin.
[16:18:19] [Server thread/INFO]: [PlaceholderAPI] Successfully registered expansion: vault
[16:18:19] [Server thread/INFO]: [PlaceholderAPI] Successfully registered expansion: player
[16:18:19] [Server thread/INFO]: 2 placeholder hooks successfully registered!
[16:18:19] [Server thread/INFO]: Done (99.986s)! For help, type "help"
[16:18:19] [Server thread/INFO]: Timings Reset
[16:18:19] [Craft Scheduler Thread - 82/INFO]: [InteractiveChat] Loading languages...
[16:18:19] [Craft Scheduler Thread - 71/INFO]: [Vault] Checking for Updates ... 
[16:18:19] [Craft Scheduler Thread - 52/INFO]: [PlayerParticles] Data handler connected using SQLite.
[16:18:20] [Craft Scheduler Thread - 81/INFO]: PunishmentGUI is up to date!
[16:18:20] [Craft Scheduler Thread - 51/INFO]: 
[16:18:20] [Craft Scheduler Thread - 51/INFO]: System » Successfully cached 215 Accounts
[16:18:20] [Craft Scheduler Thread - 51/INFO]: 
[16:18:20] [Craft Scheduler Thread - 121/INFO]: 
[16:18:20] [Craft Scheduler Thread - 121/INFO]: []=====[Enabling AdminGUI]=====[]
[16:18:20] [Craft Scheduler Thread - 121/INFO]: |
[16:18:20] [Craft Scheduler Thread - 121/INFO]: | Information:
[16:18:20] [Craft Scheduler Thread - 121/INFO]: |
[16:18:20] [Craft Scheduler Thread - 121/INFO]: |   Name: AdminGUI
[16:18:20] [Craft Scheduler Thread - 121/INFO]: |   Developer: Black1_TV
[16:18:20] [Craft Scheduler Thread - 121/INFO]: |   Version: 1.5.0 (FREE)
[16:18:20] [Craft Scheduler Thread - 121/INFO]: |   Premium: https://rabbit-company.com
[16:18:20] [Craft Scheduler Thread - 121/INFO]: |
[16:18:20] [Craft Scheduler Thread - 121/INFO]: | Support:
[16:18:20] [Craft Scheduler Thread - 121/INFO]: |
[16:18:20] [Craft Scheduler Thread - 121/INFO]: |   Discord: Crazy Rabbit#0001
[16:18:20] [Craft Scheduler Thread - 121/INFO]: |   Mail: ziga.zajc007@gmail.com
[16:18:20] [Craft Scheduler Thread - 121/INFO]: |   Discord: https://discord.gg/hUNymXX
[16:18:20] [Craft Scheduler Thread - 121/INFO]: |
[16:18:20] [Craft Scheduler Thread - 50/INFO]: [CustomWings] You are running the latest version of this plugin
[16:18:20] [Craft Scheduler Thread - 121/INFO]: []=====================================[]
[16:18:20] [Craft Scheduler Thread - 121/INFO]: 
[16:18:20] [Craft Scheduler Thread - 90/INFO]: [SUCCESS] BuildMode is up to date!
[16:18:20] [Craft Scheduler Thread - 74/INFO]: [BetterSocial] Checking for updates...
[16:18:20] [Craft Scheduler Thread - 74/INFO]: [BetterSocial] Plugin up-to-date! You have the latest version!
[16:18:20] [Server thread/INFO]: [TheOnly-Donations] You are using the latest version of TheOnly-Donations.
[16:18:20] [Server thread/INFO]: [ActionBarAPI] No update was found, you are running the latest version.
[16:18:20] [Craft Scheduler Thread - 77/INFO]: [BetterHeads] Checking for updates...
[16:18:20] [Craft Scheduler Thread - 77/INFO]: [BetterHeads] Plugin up-to-date! You have the latest version!
[16:18:21] [Craft Scheduler Thread - 71/INFO]: [Vault] No new version available
[16:18:21] [Server thread/INFO]: [Info] [ServerSystem] >> You are using the latest version of ServerSystem <3
[16:18:22] [Craft Scheduler Thread - 5/INFO]: [ItemJoin] You are up to date!
[16:18:22] [Craft Scheduler Thread - 75/INFO]: [InteractiveChat] Loaded all 1 languages!
[16:18:37] [Server thread/INFO]: [MyCmd] Checking MySql Connection
[16:18:43] [luckperms-command-executor/INFO]: [LP] Running LuckPerms v5.3.47.
[16:18:43] [luckperms-command-executor/INFO]: > /luckperms user <user>
[16:18:43] [luckperms-command-executor/INFO]: > /luckperms group <group>
[16:18:43] [luckperms-command-executor/INFO]: > /luckperms track <track>
[16:18:43] [luckperms-command-executor/INFO]: > /luckperms log
[16:18:43] [luckperms-command-executor/INFO]: > /luckperms sync
[16:18:43] [luckperms-command-executor/INFO]: > /luckperms info
[16:18:43] [luckperms-command-executor/INFO]: > /luckperms editor [type]
[16:18:43] [luckperms-command-executor/INFO]: > /luckperms verbose <on|record|off|upload> [filter]
[16:18:43] [luckperms-command-executor/INFO]: > /luckperms tree [scope] [player]
[16:18:43] [luckperms-command-executor/INFO]: > /luckperms search <permission>
[16:18:43] [luckperms-command-executor/INFO]: > /luckperms networksync
[16:18:43] [luckperms-command-executor/INFO]: > /luckperms import <file>
[16:18:43] [luckperms-command-executor/INFO]: > /luckperms export <file>
[16:18:43] [luckperms-command-executor/INFO]: > /luckperms reloadconfig
[16:18:43] [luckperms-command-executor/INFO]: > /luckperms bulkupdate
[16:18:43] [luckperms-command-executor/INFO]: > /luckperms translations
[16:18:43] [luckperms-command-executor/INFO]: > /luckperms creategroup <group>
[16:18:43] [luckperms-command-executor/INFO]: > /luckperms deletegroup <group>
[16:18:43] [luckperms-command-executor/INFO]: > /luckperms listgroups
[16:18:43] [luckperms-command-executor/INFO]: > /luckperms createtrack <track>
[16:18:43] [luckperms-command-executor/INFO]: > /luckperms deletetrack <track>
[16:18:43] [luckperms-command-executor/INFO]: > /luckperms listtracks
[16:18:51] [luckperms-command-executor/INFO]: [LP] Parent Sub Commands: (/luckperms user <user> parent ...)
[16:18:51] [luckperms-command-executor/INFO]: > info - [page] [sort mode]
[16:18:51] [luckperms-command-executor/INFO]: > set - <group> [context...]
[16:18:51] [luckperms-command-executor/INFO]: > add - <group> [context...]
[16:18:51] [luckperms-command-executor/INFO]: > remove - <group> [context...]
[16:18:51] [luckperms-command-executor/INFO]: > settrack - <track> <group> [context...]
[16:18:51] [luckperms-command-executor/INFO]: > addtemp - <group> <duration> [temporary modifier] [context...]
[16:18:51] [luckperms-command-executor/INFO]: > removetemp - <group> [duration] [context...]
[16:18:51] [luckperms-command-executor/INFO]: > clear - [context...]
[16:18:51] [luckperms-command-executor/INFO]: > cleartrack - <track> [context...]
[16:18:51] [luckperms-command-executor/INFO]: > switchprimarygroup - <group>
[16:28:17] [Craft Scheduler Thread - 90/INFO]: 
[16:28:17] [Craft Scheduler Thread - 90/INFO]: System » Successfully cached 215 Accounts
[16:28:17] [Craft Scheduler Thread - 90/INFO]: 
